2025-07-23 12:02:34 INFO  LoginPage:18 - Setting up ChromeDriver
2025-07-23 14:10:00 INFO  LoginPage:18 - Setting up ChromeDriver
2025-07-23 15:05:37 INFO  LoginPage:18 - Setting up ChromeDriver
2025-07-23 15:05:39 INFO  LoginPage:25 - Jobserve website
2025-07-23 15:09:08 INFO  LoginPage:19 - Setting up ChromeDriver
2025-07-23 15:09:10 INFO  LoginPage:26 - Jobserve website
2025-07-23 15:15:48 INFO  LoginPage:20 - Setting up ChromeDriver
2025-07-23 15:15:50 INFO  LoginPage:27 - Jobserve website
2025-07-23 15:15:53 INFO  LoginPage:20 - Setting up ChromeDriver
2025-07-23 15:15:54 INFO  LoginPage:37 - Entering user details
2025-07-23 15:16:47 INFO  LoginPage:20 - Setting up ChromeDriver
2025-07-23 15:16:49 INFO  LoginPage:27 - Jobserve website
2025-07-23 15:16:53 INFO  LoginPage:20 - Setting up ChromeDriver
2025-07-23 15:16:54 INFO  LoginPage:37 - Entering user details
2025-07-23 15:20:42 INFO  LoginPage:23 - Setting up ChromeDriver
2025-07-23 15:20:43 INFO  LoginPage:30 - Jobserve website
2025-07-23 15:20:48 INFO  LoginPage:23 - Setting up ChromeDriver
2025-07-23 15:20:48 INFO  LoginPage:41 - Entering user details
2025-07-23 15:23:56 INFO  LoginPage:23 - Setting up ChromeDriver
2025-07-23 15:23:58 INFO  LoginPage:30 - Jobserve website
2025-07-23 15:24:01 INFO  LoginPage:23 - Setting up ChromeDriver
2025-07-23 15:24:02 INFO  LoginPage:39 - Entering user details
2025-07-23 15:25:04 INFO  LoginPage:23 - Setting up ChromeDriver
2025-07-23 15:25:05 INFO  LoginPage:30 - Jobserve website
2025-07-23 15:25:09 INFO  LoginPage:23 - Setting up ChromeDriver
2025-07-23 15:25:10 INFO  LoginPage:39 - Entering user details
2025-07-23 15:27:03 INFO  LoginPage:23 - Setting up ChromeDriver
2025-07-23 15:27:05 INFO  LoginPage:30 - Jobserve website
2025-07-23 15:28:43 INFO  LoginPage:23 - Setting up ChromeDriver
2025-07-23 15:28:45 INFO  LoginPage:30 - Jobserve website
2025-07-23 15:35:24 INFO  LoginPage:23 - Setting up ChromeDriver
2025-07-23 15:35:26 INFO  LoginPage:31 - Jobserve website
2025-07-23 15:35:29 INFO  LoginPage:37 - Navigated to login page
2025-07-23 15:35:29 INFO  LoginPage:23 - Setting up ChromeDriver
2025-07-23 15:45:08 INFO  LoginPage:24 - Setting up ChromeDriver
2025-07-23 15:45:10 INFO  LoginPage:32 - Jobserve website
2025-07-23 15:45:14 INFO  LoginPage:24 - Setting up ChromeDriver
2025-07-23 15:45:39 INFO  LoginPage:24 - Setting up ChromeDriver
2025-07-23 15:45:41 INFO  LoginPage:32 - Jobserve website
2025-07-23 15:45:42 INFO  LoginPage:24 - Setting up ChromeDriver
2025-07-23 15:45:46 INFO  LoginPage:24 - Setting up ChromeDriver
2025-07-23 15:45:48 INFO  LoginPage:32 - Jobserve website
2025-07-23 15:45:52 INFO  LoginPage:24 - Setting up ChromeDriver
2025-07-23 15:46:09 INFO  LoginPage:24 - Setting up ChromeDriver
2025-07-23 15:46:11 INFO  LoginPage:32 - Jobserve website
2025-07-23 15:48:45 INFO  LoginPage:24 - Setting up ChromeDriver
2025-07-23 15:48:46 INFO  LoginPage:32 - Jobserve website
2025-07-23 15:49:45 INFO  LoginPage:24 - Setting up ChromeDriver
2025-07-23 15:49:46 INFO  LoginPage:32 - Jobserve website
2025-07-23 15:59:31 INFO  LoginPage:24 - Setting up ChromeDriver
2025-07-23 15:59:33 INFO  LoginPage:32 - Jobserve website
2025-07-23 16:06:04 INFO  LoginPage:24 - Setting up ChromeDriver
2025-07-23 16:06:05 INFO  LoginPage:32 - Jobserve website
2025-07-23 16:10:03 INFO  LoginPage:24 - Setting up ChromeDriver
2025-07-23 16:10:05 INFO  LoginPage:32 - Jobserve website
2025-07-23 16:12:18 INFO  LoginPage:24 - Setting up ChromeDriver
2025-07-23 16:12:20 INFO  LoginPage:32 - Jobserve website
2025-07-23 16:23:34 INFO  LoginPage:25 - Setting up ChromeDriver
2025-07-23 16:23:34 TRACE LoginPage:26 - 
2025-07-23 16:23:37 INFO  LoginPage:34 - Jobserve website
2025-07-23 16:23:40 INFO  LoginPage:45 - performing clean up
